Log file open, 01/30/20 14:27:53
LogWindows: Failed to load 'aqProf.dll' (GetLastError=126)
LogWindows: File 'aqProf.dll' does not exist
LogWindows: Failed to load 'VtuneApi.dll' (GetLastError=126)
LogWindows: File 'VtuneApi.dll' does not exist
LogWindows: Failed to load 'VtuneApi32e.dll' (GetLastError=126)
LogWindows: File 'VtuneApi32e.dll' does not exist
LogConsoleResponse: Display: Failed to find resolution value strings in scalability ini. Falling back to default.
LogInit: Display: Running engine for game: VanBuskirk_SetDressi
LogPakFile: Registered encryption key '00000000000000000000000000000000': 0 pak files mounted, 0 remain pending
LogPlatformFile: Not using cached read wrapper
LogTaskGraph: Started task graph with 5 named threads and 23 total threads with 3 sets of task threads.
LogStats: Stats thread started at 0.288703
LogD3D11RHI: Loaded GFSDK_Aftermath_Lib.x64.dll
LogICUInternationalization: ICU TimeZone Detection - Raw Offset: -5:00, Platform Override: ''
LogPluginManager: Mounting plugin Paper2D
LogPluginManager: Mounting plugin AISupport
LogPluginManager: Mounting plugin LightPropagationVolume
LogPluginManager: Mounting plugin ActorLayerUtilities
LogPluginManager: Mounting plugin AnimationSharing
LogPluginManager: Mounting plugin CLionSourceCodeAccess
LogPluginManager: Mounting plugin CodeLiteSourceCodeAccess
LogPluginManager: Mounting plugin GitSourceControl
LogPluginManager: Mounting plugin KDevelopSourceCodeAccess
LogPluginManager: Mounting plugin NullSourceCodeAccess
LogPluginManager: Mounting plugin PerforceSourceControl
LogPluginManager: Mounting plugin SubversionSourceControl
LogPluginManager: Mounting plugin UObjectPlugin
LogPluginManager: Mounting plugin VisualStudioCodeSourceCodeAccess
LogPluginManager: Mounting plugin VisualStudioSourceCodeAccess
LogPluginManager: Mounting plugin XCodeSourceCodeAccess
LogPluginManager: Mounting plugin AssetManagerEditor
LogPluginManager: Mounting plugin CryptoKeys
LogPluginManager: Mounting plugin DataValidation
LogPluginManager: Mounting plugin FacialAnimation
LogPluginManager: Mounting plugin GameplayTagsEditor
LogPluginManager: Mounting plugin MacGraphicsSwitching
LogPluginManager: Mounting plugin MaterialAnalyzer
LogPluginManager: Mounting plugin MobileLauncherProfileWizard
LogPluginManager: Mounting plugin PluginBrowser
LogPluginManager: Mounting plugin SpeedTreeImporter
LogPluginManager: Mounting plugin DatasmithContent
LogPluginManager: Mounting plugin VariantManagerContent
LogPluginManager: Mounting plugin AlembicImporter
LogPluginManager: Mounting plugin AppleImageUtils
LogPluginManager: Mounting plugin AppleVision
LogPluginManager: Mounting plugin BackChannel
LogPluginManager: Mounting plugin CharacterAI
LogPluginManager: Mounting plugin GeometryCache
LogPluginManager: Mounting plugin HTML5Networking
LogPluginManager: Mounting plugin ProxyLODPlugin
LogPluginManager: Mounting plugin SkeletalReduction
LogPluginManager: Mounting plugin MagicLeap
LogPluginManager: Mounting plugin MagicLeapMedia
LogPluginManager: Mounting plugin AndroidMedia
LogPluginManager: Mounting plugin AvfMedia
LogPluginManager: Mounting plugin ImgMedia
LogPluginManager: Mounting plugin LinearTimecode
LogPluginManager: Mounting plugin MediaCompositing
LogPluginManager: Mounting plugin MediaPlayerEditor
LogPluginManager: Mounting plugin WebMMedia
LogPluginManager: Mounting plugin WmfMedia
LogPluginManager: Mounting plugin TcpMessaging
LogPluginManager: Mounting plugin UdpMessaging
LogPluginManager: Mounting plugin ActorSequence
LogPluginManager: Mounting plugin LevelSequenceEditor
LogPluginManager: Mounting plugin MatineeToLevelSequence
LogPluginManager: Mounting plugin NetcodeUnitTest
LogPluginManager: Mounting plugin NUTUnrealEngine4
LogPluginManager: Mounting plugin OnlineSubsystemGooglePlay
LogPluginManager: Mounting plugin OnlineSubsystemIOS
LogPluginManager: Mounting plugin OnlineSubsystem
LogPluginManager: Mounting plugin OnlineSubsystemNull
LogPluginManager: Mounting plugin OnlineSubsystemUtils
LogPluginManager: Mounting plugin LauncherChunkInstaller
LogPluginManager: Mounting plugin AndroidDeviceProfileSelector
LogPluginManager: Mounting plugin AndroidMoviePlayer
LogPluginManager: Mounting plugin AndroidPermission
LogPluginManager: Mounting plugin AppleMoviePlayer
LogPluginManager: Mounting plugin ArchVisCharacter
LogPluginManager: Mounting plugin AudioCapture
LogPluginManager: Mounting plugin CableComponent
LogPluginManager: Mounting plugin CustomMeshComponent
LogPluginManager: Mounting plugin EditableMesh
LogPluginManager: Mounting plugin ExampleDeviceProfileSelector
LogPluginManager: Mounting plugin Firebase
LogPluginManager: Mounting plugin GoogleCloudMessaging
LogPluginManager: Mounting plugin IOSDeviceProfileSelector
LogPluginManager: Mounting plugin LinuxDeviceProfileSelector
LogPluginManager: Mounting plugin LocationServicesBPLibrary
LogPluginManager: Mounting plugin MobilePatchingUtils
LogPluginManager: Mounting plugin OculusVR
LogPluginManager: Mounting plugin PhysXVehicles
LogPluginManager: Mounting plugin ProceduralMeshComponent
LogPluginManager: Mounting plugin RuntimePhysXCooking
LogPluginManager: Mounting plugin SignificanceManager
LogPluginManager: Mounting plugin SteamVR
LogPluginManager: Mounting plugin WebMMoviePlayer
LogPluginManager: Mounting plugin WindowsMoviePlayer
LogInit: Using libcurl 7.55.1-DEV
LogInit:  - built for x86_64-pc-win32
LogInit:  - supports SSL with OpenSSL/1.1.1
LogInit:  - supports HTTP deflate (compression) using libz 1.2.8
LogInit:  - other features:
LogInit:      CURL_VERSION_SSL
LogInit:      CURL_VERSION_LIBZ
LogInit:      CURL_VERSION_IPV6
LogInit:      CURL_VERSION_ASYNCHDNS
LogInit:      CURL_VERSION_LARGEFILE
LogInit:      CURL_VERSION_IDN
LogInit:  CurlRequestOptions (configurable via config and command line):
LogInit:  - bVerifyPeer = true  - Libcurl will verify peer certificate
LogInit:  - bUseHttpProxy = false  - Libcurl will NOT use HTTP proxy
LogInit:  - bDontReuseConnections = false  - Libcurl will reuse connections
LogInit:  - MaxHostConnections = 16  - Libcurl will limit the number of connections to a host
LogInit:  - LocalHostAddr = Default
LogInit:  - BufferSize = 65536
LogInit: WinSock: version 1.1 (2.2), MaxSocks=32767, MaxUdp=65467
LogHMD: Failed initializing OVRPlugin 1.32.0
LogInit: Build: ++UE4+Release-4.22-CL-7053642
LogInit: Engine Version: 4.22.3-7053642+++UE4+Release-4.22
LogInit: Compatible Engine Version: 4.22.0-5660361+++UE4+Release-4.22
LogInit: Net CL: 5660361
LogInit: OS: Windows 10 (Release 1809) (), CPU: Intel(R) Core(TM) i7-6700 CPU @ 3.40GHz, GPU: NVIDIA GeForce GTX 1080
LogInit: Compiled (64-bit): Jun 18 2019 03:09:11
LogInit: Compiled with Visual C++: 19.16.27025.01
LogInit: Build Configuration: Development
LogInit: Branch Name: ++UE4+Release-4.22
LogInit: Command Line: 
LogInit: Base Directory: C:/Program Files/Epic Games/UE_4.22/Engine/Binaries/Win64/
LogInit: Installed Engine Build: 1
LogDevObjectVersion: Number of dev versions registered: 23
LogDevObjectVersion:   Dev-Blueprints (B0D832E4-1F89-4F0D-ACCF-7EB736FD4AA2): 10
LogDevObjectVersion:   Dev-Build (E1C64328-A22C-4D53-A36C-8E866417BD8C): 0
LogDevObjectVersion:   Dev-Core (375EC13C-06E4-48FB-B500-84F0262A717E): 3
LogDevObjectVersion:   Dev-Editor (E4B068ED-F494-42E9-A231-DA0B2E46BB41): 30
LogDevObjectVersion:   Dev-Framework (CFFC743F-43B0-4480-9391-14DF171D2073): 35
LogDevObjectVersion:   Dev-Mobile (B02B49B5-BB20-44E9-A304-32B752E40360): 2
LogDevObjectVersion:   Dev-Networking (A4E4105C-59A1-49B5-A7C5-40C4547EDFEE): 0
LogDevObjectVersion:   Dev-Online (39C831C9-5AE6-47DC-9A44-9C173E1C8E7C): 0
LogDevObjectVersion:   Dev-Physics (78F01B33-EBEA-4F98-B9B4-84EACCB95AA2): 0
LogDevObjectVersion:   Dev-Platform (6631380F-2D4D-43E0-8009-CF276956A95A): 0
LogDevObjectVersion:   Dev-Rendering (12F88B9F-8875-4AFC-A67C-D90C383ABD29): 28
LogDevObjectVersion:   Dev-Sequencer (7B5AE74C-D270-4C10-A958-57980B212A5A): 11
LogDevObjectVersion:   Dev-VR (D7296918-1DD6-4BDD-9DE2-64A83CC13884): 2
LogDevObjectVersion:   Dev-LoadTimes (C2A15278-BFE7-4AFE-6C17-90FF531DF755): 1
LogDevObjectVersion:   Private-Geometry (6EACA3D4-40EC-4CC1-B786-8BED09428FC5): 3
LogDevObjectVersion:   Dev-AnimPhys (29E575DD-E0A3-4627-9D10-D276232CDCEA): 17
LogDevObjectVersion:   Dev-Anim (AF43A65D-7FD3-4947-9873-3E8ED9C1BB05): 2
LogDevObjectVersion:   Dev-ReflectionCapture (6B266CEC-1EC7-4B8F-A30B-E4D90942FC07): 1
LogDevObjectVersion:   Dev-Automation (0DF73D61-A23F-47EA-B727-89E90C41499A): 1
LogDevObjectVersion:   FortniteMain (601D1886-AC64-4F84-AA16-D3DE0DEAC7D6): 25
LogDevObjectVersion:   Dev-Enterprise (9DFFBCD6-494F-0158-E221-12823C92A888): 6
LogDevObjectVersion:   Dev-Niagara (F2AED0AC-9AFE-416F-8664-AA7FFA26D6FC): 1
LogDevObjectVersion:   Dev-Destruction (174F1F0B-B4C6-45A5-B13F-2EE8D0FB917D): 2
LogInit: Presizing for max 16777216 objects, including 0 objects not considered by GC, pre-allocating 0 bytes for permanent pool.
LogInit: Object subsystem initialized
LogConfig: Setting CVar [[con.DebugEarlyDefault:1]]
LogConfig: Setting CVar [[r.setres:1280x720]]
[2020.01.30-19.27.54:730][  0]LogConfig: Setting CVar [[r.VSync:0]]
[2020.01.30-19.27.54:731][  0]LogConfig: Setting CVar [[r.RHICmdBypass:0]]
[2020.01.30-19.27.54:731][  0]LogConfig: Applying CVar settings from Section [/Script/Engine.RendererSettings] File [C:/Users/ekvanbus/Documents/GitHub/VanBuskirk_SetDressing/VanBuskirk_SetDressi/Saved/Config/Windows/Engine.ini]
[2020.01.30-19.27.54:731][  0]LogConfig: Setting CVar [[r.GPUCrashDebugging:0]]
[2020.01.30-19.27.54:731][  0]LogConfig: Applying CVar settings from Section [/Script/Engine.RendererOverrideSettings] File [C:/Users/ekvanbus/Documents/GitHub/VanBuskirk_SetDressing/VanBuskirk_SetDressi/Saved/Config/Windows/Engine.ini]
[2020.01.30-19.27.54:731][  0]LogConfig: Applying CVar settings from Section [/Script/Engine.StreamingSettings] File [C:/Users/ekvanbus/Documents/GitHub/VanBuskirk_SetDressing/VanBuskirk_SetDressi/Saved/Config/Windows/Engine.ini]
[2020.01.30-19.27.54:731][  0]LogConfig: Setting CVar [[s.MinBulkDataSizeForAsyncLoading:131072]]
[2020.01.30-19.27.54:731][  0]LogConfig: Setting CVar [[s.AsyncLoadingThreadEnabled:0]]
[2020.01.30-19.27.54:731][  0]LogConfig: Setting CVar [[s.EventDrivenLoaderEnabled:1]]
[2020.01.30-19.27.54:731][  0]LogConfig: Setting CVar [[s.WarnIfTimeLimitExceeded:0]]
[2020.01.30-19.27.54:731][  0]LogConfig: Setting CVar [[s.TimeLimitExceededMultiplier:1.5]]
[2020.01.30-19.27.54:731][  0]LogConfig: Setting CVar [[s.TimeLimitExceededMinTime:0.005]]
[2020.01.30-19.27.54:731][  0]LogConfig: Setting CVar [[s.UseBackgroundLevelStreaming:1]]
[2020.01.30-19.27.54:731][  0]LogConfig: Setting CVar [[s.PriorityAsyncLoadingExtraTime:15.0]]
[2020.01.30-19.27.54:731][  0]LogConfig: Setting CVar [[s.LevelStreamingActorsUpdateTimeLimit:5.0]]
[2020.01.30-19.27.54:731][  0]LogConfig: Setting CVar [[s.PriorityLevelStreamingActorsUpdateExtraTime:5.0]]
[2020.01.30-19.27.54:731][  0]LogConfig: Setting CVar [[s.LevelStreamingComponentsRegistrationGranularity:10]]
[2020.01.30-19.27.54:731][  0]LogConfig: Setting CVar [[s.UnregisterComponentsTimeLimit:1.0]]
[2020.01.30-19.27.54:731][  0]LogConfig: Setting CVar [[s.LevelStreamingComponentsUnregistrationGranularity:5]]
[2020.01.30-19.27.54:731][  0]LogConfig: Applying CVar settings from Section [/Script/Engine.GarbageCollectionSettings] File [C:/Users/ekvanbus/Documents/GitHub/VanBuskirk_SetDressing/VanBuskirk_SetDressi/Saved/Config/Windows/Engine.ini]
[2020.01.30-19.27.54:731][  0]LogConfig: Setting CVar [[gc.MaxObjectsNotConsideredByGC:1]]
[2020.01.30-19.27.54:731][  0]LogConfig: Setting CVar [[gc.SizeOfPermanentObjectPool:0]]
[2020.01.30-19.27.54:731][  0]LogConfig: Setting CVar [[gc.FlushStreamingOnGC:0]]
[2020.01.30-19.27.54:731][  0]LogConfig: Setting CVar [[gc.NumRetriesBeforeForcingGC:10]]
[2020.01.30-19.27.54:731][  0]LogConfig: Setting CVar [[gc.AllowParallelGC:1]]
[2020.01.30-19.27.54:731][  0]LogConfig: Setting CVar [[gc.TimeBetweenPurgingPendingKillObjects:61.1]]
[2020.01.30-19.27.54:731][  0]LogConfig: Setting CVar [[gc.MaxObjectsInEditor:16777216]]
[2020.01.30-19.27.54:731][  0]LogConfig: Setting CVar [[gc.IncrementalBeginDestroyEnabled:1]]
[2020.01.30-19.27.54:731][  0]LogConfig: Setting CVar [[gc.CreateGCClusters:1]]
[2020.01.30-19.27.54:731][  0]LogConfig: Setting CVar [[gc.MinGCClusterSize:5]]
[2020.01.30-19.27.54:731][  0]LogConfig: Setting CVar [[gc.ActorClusteringEnabled:0]]
[2020.01.30-19.27.54:731][  0]LogConfig: Setting CVar [[gc.BlueprintClusteringEnabled:0]]
[2020.01.30-19.27.54:731][  0]LogConfig: Setting CVar [[gc.UseDisregardForGCOnDedicatedServers:0]]
[2020.01.30-19.27.54:731][  0]LogConfig: Applying CVar settings from Section [/Script/Engine.NetworkSettings] File [C:/Users/ekvanbus/Documents/GitHub/VanBuskirk_SetDressing/VanBuskirk_SetDressi/Saved/Config/Windows/Engine.ini]
[2020.01.30-19.27.54:731][  0]LogConfig: Applying CVar settings from Section [/Script/UnrealEd.CookerSettings] File [C:/Users/ekvanbus/Documents/GitHub/VanBuskirk_SetDressing/VanBuskirk_SetDressi/Saved/Config/Windows/Engine.ini]
[2020.01.30-19.27.54:734][  0]LogConfig: Applying CVar settings from Section [ViewDistanceQuality@3] File [C:/Users/ekvanbus/Documents/GitHub/VanBuskirk_SetDressing/VanBuskirk_SetDressi/Saved/Config/Windows/Scalability.ini]
[2020.01.30-19.27.54:734][  0]LogConfig: Setting CVar [[r.SkeletalMeshLODBias:0]]
[2020.01.30-19.27.54:734][  0]LogConfig: Setting CVar [[r.ViewDistanceScale:1.0]]
[2020.01.30-19.27.54:734][  0]LogConfig: Applying CVar settings from Section [AntiAliasingQuality@3] File [C:/Users/ekvanbus/Documents/GitHub/VanBuskirk_SetDressing/VanBuskirk_SetDressi/Saved/Config/Windows/Scalability.ini]
[2020.01.30-19.27.54:734][  0]LogConfig: Setting CVar [[r.PostProcessAAQuality:4]]
[2020.01.30-19.27.54:734][  0]LogConfig: Applying CVar settings from Section [ShadowQuality@3] File [C:/Users/ekvanbus/Documents/GitHub/VanBuskirk_SetDressing/VanBuskirk_SetDressi/Saved/Config/Windows/Scalability.ini]
[2020.01.30-19.27.54:734][  0]LogConfig: Setting CVar [[r.LightFunctionQuality:1]]
[2020.01.30-19.27.54:734][  0]LogConfig: Setting CVar [[r.ShadowQuality:5]]
[2020.01.30-19.27.54:734][  0]LogConfig: Setting CVar [[r.Shadow.CSM.MaxCascades:10]]
[2020.01.30-19.27.54:734][  0]LogConfig: Setting CVar [[r.Shadow.MaxResolution:2048]]
[2020.01.30-19.27.54:734][  0]LogConfig: Setting CVar [[r.Shadow.MaxCSMResolution:2048]]
[2020.01.30-19.27.54:734][  0]LogConfig: Setting CVar [[r.Shadow.RadiusThreshold:0.01]]
[2020.01.30-19.27.54:734][  0]LogConfig: Setting CVar [[r.Shadow.DistanceScale:1.0]]
[2020.01.30-19.27.54:734][  0]LogConfig: Setting CVar [[r.Shadow.CSM.TransitionScale:1.0]]
[2020.01.30-19.27.54:734][  0]LogConfig: Setting CVar [[r.Shadow.PreShadowResolutionFactor:1.0]]
[2020.01.30-19.27.54:734][  0]LogConfig: Setting CVar [[r.DistanceFieldShadowing:1]]
[2020.01.30-19.27.54:734][  0]LogConfig: Setting CVar [[r.DistanceFieldAO:1]]
[2020.01.30-19.27.54:734][  0]LogConfig: Setting CVar [[r.AOQuality:2]]
[2020.01.30-19.27.54:734][  0]LogConfig: Setting CVar [[r.VolumetricFog:1]]
[2020.01.30-19.27.54:734][  0]LogConfig: Setting CVar [[r.VolumetricFog.GridPixelSize:8]]
[2020.01.30-19.27.54:734][  0]LogConfig: Setting CVar [[r.VolumetricFog.GridSizeZ:128]]
[2020.01.30-19.27.54:734][  0]LogConfig: Setting CVar [[r.VolumetricFog.HistoryMissSupersampleCount:4]]
[2020.01.30-19.27.54:734][  0]LogConfig: Setting CVar [[r.LightMaxDrawDistanceScale:1]]
[2020.01.30-19.27.54:734][  0]LogConfig: Setting CVar [[r.CapsuleShadows:1]]
[2020.01.30-19.27.54:734][  0]LogConfig: Applying CVar settings from Section [PostProcessQuality@3] File [C:/Users/ekvanbus/Documents/GitHub/VanBuskirk_SetDressing/VanBuskirk_SetDressi/Saved/Config/Windows/Scalability.ini]
[2020.01.30-19.27.54:734][  0]LogConfig: Setting CVar [[r.MotionBlurQuality:4]]
[2020.01.30-19.27.54:734][  0]LogConfig: Setting CVar [[r.AmbientOcclusionMipLevelFactor:0.4]]
[2020.01.30-19.27.54:734][  0]LogConfig: Setting CVar [[r.AmbientOcclusionMaxQuality:100]]
[2020.01.30-19.27.54:734][  0]LogConfig: Setting CVar [[r.AmbientOcclusionLevels:-1]]
[2020.01.30-19.27.54:734][  0]LogConfig: Setting CVar [[r.AmbientOcclusionRadiusScale:1.0]]
[2020.01.30-19.27.54:734][  0]LogConfig: Setting CVar [[r.DepthOfFieldQuality:2]]
[2020.01.30-19.27.54:734][  0]LogConfig: Setting CVar [[r.RenderTargetPoolMin:400]]
[2020.01.30-19.27.54:734][  0]LogConfig: Setting CVar [[r.LensFlareQuality:2]]
[2020.01.30-19.27.54:734][  0]LogConfig: Setting CVar [[r.SceneColorFringeQuality:1]]
[2020.01.30-19.27.54:734][  0]LogConfig: Setting CVar [[r.EyeAdaptationQuality:2]]
[2020.01.30-19.27.54:734][  0]LogConfig: Setting CVar [[r.BloomQuality:5]]
[2020.01.30-19.27.54:734][  0]LogConfig: Setting CVar [[r.FastBlurThreshold:100]]
[2020.01.30-19.27.54:734][  0]LogConfig: Setting CVar [[r.Upscale.Quality:3]]
[2020.01.30-19.27.54:734][  0]LogConfig: Setting CVar [[r.Tonemapper.GrainQuantization:1]]
[2020.01.30-19.27.54:734][  0]LogConfig: Setting CVar [[r.LightShaftQuality:1]]
[2020.01.30-19.27.54:734][  0]LogConfig: Setting CVar [[r.Filter.SizeScale:1]]
[2020.01.30-19.27.54:734][  0]LogConfig: Setting CVar [[r.Tonemapper.Quality:5]]
[2020.01.30-19.27.54:734][  0]LogConfig: Setting CVar [[r.DOF.Gather.AccumulatorQuality:1        ; higher gathering accumulator quality]]
[2020.01.30-19.27.54:734][  0]LogConfig: Setting CVar [[r.DOF.Gather.PostfilterMethod:1          ; Median3x3 postfilering method]]
[2020.01.30-19.27.54:734][  0]LogConfig: Setting CVar [[r.DOF.Gather.EnableBokehSettings:0       ; no bokeh simulation when gathering]]
[2020.01.30-19.27.54:734][  0]LogConfig: Setting CVar [[r.DOF.Gather.RingCount:4                 ; medium number of samples when gathering]]
[2020.01.30-19.27.54:734][  0]LogConfig: Setting CVar [[r.DOF.Scatter.ForegroundCompositing:1    ; additive foreground scattering]]
[2020.01.30-19.27.54:734][  0]LogConfig: Setting CVar [[r.DOF.Scatter.BackgroundCompositing:2    ; additive background scattering]]
[2020.01.30-19.27.54:734][  0]LogConfig: Setting CVar [[r.DOF.Scatter.EnableBokehSettings:1      ; bokeh simulation when scattering]]
[2020.01.30-19.27.54:734][  0]LogConfig: Setting CVar [[r.DOF.Scatter.MaxSpriteRatio:0.1         ; only a maximum of 10% of scattered bokeh]]
[2020.01.30-19.27.54:734][  0]LogConfig: Setting CVar [[r.DOF.Recombine.Quality:1                ; cheap slight out of focus]]
[2020.01.30-19.27.54:734][  0]LogConfig: Setting CVar [[r.DOF.Recombine.EnableBokehSettings:0    ; no bokeh simulation on slight out of focus]]
[2020.01.30-19.27.54:734][  0]LogConfig: Setting CVar [[r.DOF.TemporalAAQuality:1                ; more stable temporal accumulation]]
[2020.01.30-19.27.54:734][  0]LogConfig: Setting CVar [[r.DOF.Kernel.MaxForegroundRadius:0.025]]
[2020.01.30-19.27.54:734][  0]LogConfig: Setting CVar [[r.DOF.Kernel.MaxBackgroundRadius:0.025]]
[2020.01.30-19.27.54:734][  0]LogConfig: Applying CVar settings from Section [TextureQuality@3] File [C:/Users/ekvanbus/Documents/GitHub/VanBuskirk_SetDressing/VanBuskirk_SetDressi/Saved/Config/Windows/Scalability.ini]
[2020.01.30-19.27.54:734][  0]LogConfig: Setting CVar [[r.Streaming.MipBias:0]]
[2020.01.30-19.27.54:734][  0]LogConfig: Setting CVar [[r.Streaming.AmortizeCPUToGPUCopy:0]]
[2020.01.30-19.27.54:734][  0]LogConfig: Setting CVar [[r.Streaming.MaxNumTexturesToStreamPerFrame:0]]
[2020.01.30-19.27.54:734][  0]LogConfig: Setting CVar [[r.Streaming.Boost:1]]
[2020.01.30-19.27.54:734][  0]LogConfig: Setting CVar [[r.MaxAnisotropy:8]]
[2020.01.30-19.27.54:734][  0]LogConfig: Setting CVar [[r.Streaming.LimitPoolSizeToVRAM:0]]
[2020.01.30-19.27.54:734][  0]LogConfig: Setting CVar [[r.Streaming.PoolSize:1000]]
[2020.01.30-19.27.54:734][  0]LogConfig: Setting CVar [[r.Streaming.MaxEffectiveScreenSize:0]]
[2020.01.30-19.27.54:734][  0]LogConfig: Applying CVar settings from Section [EffectsQuality@3] File [C:/Users/ekvanbus/Documents/GitHub/VanBuskirk_SetDressing/VanBuskirk_SetDressi/Saved/Config/Windows/Scalability.ini]
[2020.01.30-19.27.54:734][  0]LogConfig: Setting CVar [[r.TranslucencyLightingVolumeDim:64]]
[2020.01.30-19.27.54:735][  0]LogConfig: Setting CVar [[r.RefractionQuality:2]]
[2020.01.30-19.27.54:735][  0]LogConfig: Setting CVar [[r.SSR.Quality:3]]
[2020.01.30-19.27.54:735][  0]LogConfig: Setting CVar [[r.SceneColorFormat:4]]
[2020.01.30-19.27.54:735][  0]LogConfig: Setting CVar [[r.DetailMode:2]]
[2020.01.30-19.27.54:735][  0]LogConfig: Setting CVar [[r.TranslucencyVolumeBlur:1]]
[2020.01.30-19.27.54:735][  0]LogConfig: Setting CVar [[r.MaterialQualityLevel:1 ; High quality]]
[2020.01.30-19.27.54:735][  0]LogConfig: Setting CVar [[r.SSS.Scale:1]]
[2020.01.30-19.27.54:735][  0]LogConfig: Setting CVar [[r.SSS.SampleSet:2]]
[2020.01.30-19.27.54:735][  0]LogConfig: Setting CVar [[r.SSS.Quality:1]]
[2020.01.30-19.27.54:735][  0]LogConfig: Setting CVar [[r.SSS.HalfRes:1]]
[2020.01.30-19.27.54:735][  0]LogConfig: Setting CVar [[r.EmitterSpawnRateScale:1.0]]
[2020.01.30-19.27.54:735][  0]LogConfig: Setting CVar [[r.ParticleLightQuality:2]]
[2020.01.30-19.27.54:735][  0]LogConfig: Applying CVar settings from Section [FoliageQuality@3] File [C:/Users/ekvanbus/Documents/GitHub/VanBuskirk_SetDressing/VanBuskirk_SetDressi/Saved/Config/Windows/Scalability.ini]
[2020.01.30-19.27.54:735][  0]LogConfig: Setting CVar [[foliage.DensityScale:1.0]]
[2020.01.30-19.27.54:735][  0]LogConfig: Setting CVar [[grass.DensityScale:1.0]]
[2020.01.30-19.27.54:735][  0]LogInit: Selected Device Profile: [Windows]
[2020.01.30-19.27.54:735][  0]LogInit: Applying CVar settings loaded from the selected device profile: [Windows]
[2020.01.30-19.27.54:753][  0]LogHAL: Display: Platform has ~ 32 GB [34308362240 / 34359738368 / 32], which maps to Largest [LargestMinGB=32, LargerMinGB=12, DefaultMinGB=8, SmallerMinGB=6, SmallestMinGB=0)
[2020.01.30-19.27.54:753][  0]LogConfig: Setting CVar [[r.Vulkan.UseRealUBs:0		; Required until we fix HLR fall-out]]
[2020.01.30-19.27.54:753][  0]LogInit: Going up to parent DeviceProfile []
[2020.01.30-19.27.54:753][  0]LogConfig: Applying CVar settings from Section [ViewDistanceQuality@3] File [C:/Users/ekvanbus/Documents/GitHub/VanBuskirk_SetDressing/VanBuskirk_SetDressi/Saved/Config/Windows/Scalability.ini]
[2020.01.30-19.27.54:753][  0]LogConfig: Setting CVar [[r.SkeletalMeshLODBias:0]]
[2020.01.30-19.27.54:753][  0]LogConfig: Setting CVar [[r.ViewDistanceScale:1.0]]
[2020.01.30-19.27.54:753][  0]LogConfig: Applying CVar settings from Section [AntiAliasingQuality@3] File [C:/Users/ekvanbus/Documents/GitHub/VanBuskirk_SetDressing/VanBuskirk_SetDressi/Saved/Config/Windows/Scalability.ini]
[2020.01.30-19.27.54:753][  0]LogConfig: Setting CVar [[r.PostProcessAAQuality:4]]
[2020.01.30-19.27.54:753][  0]LogConfig: Applying CVar settings from Section [ShadowQuality@3] File [C:/Users/ekvanbus/Documents/GitHub/VanBuskirk_SetDressing/VanBuskirk_SetDressi/Saved/Config/Windows/Scalability.ini]
[2020.01.30-19.27.54:753][  0]LogConfig: Setting CVar [[r.LightFunctionQuality:1]]
[2020.01.30-19.27.54:753][  0]LogConfig: Setting CVar [[r.ShadowQuality:5]]
[2020.01.30-19.27.54:753][  0]LogConfig: Setting CVar [[r.Shadow.CSM.MaxCascades:10]]
[2020.01.30-19.27.54:753][  0]LogConfig: Setting CVar [[r.Shadow.MaxResolution:2048]]
[2020.01.30-19.27.54:753][  0]LogConfig: Setting CVar [[r.Shadow.MaxCSMResolution:2048]]
[2020.01.30-19.27.54:753][  0]LogConfig: Setting CVar [[r.Shadow.RadiusThreshold:0.01]]
[2020.01.30-19.27.54:753][  0]LogConfig: Setting CVar [[r.Shadow.DistanceScale:1.0]]
[2020.01.30-19.27.54:753][  0]LogConfig: Setting CVar [[r.Shadow.CSM.TransitionScale:1.0]]
[2020.01.30-19.27.54:753][  0]LogConfig: Setting CVar [[r.Shadow.PreShadowResolutionFactor:1.0]]
[2020.01.30-19.27.54:753][  0]LogConfig: Setting CVar [[r.DistanceFieldShadowing:1]]
[2020.01.30-19.27.54:753][  0]LogConfig: Setting CVar [[r.DistanceFieldAO:1]]
[2020.01.30-19.27.54:753][  0]LogConfig: Setting CVar [[r.AOQuality:2]]
[2020.01.30-19.27.54:753][  0]LogConfig: Setting CVar [[r.VolumetricFog:1]]
[2020.01.30-19.27.54:753][  0]LogConfig: Setting CVar [[r.VolumetricFog.GridPixelSize:8]]
[2020.01.30-19.27.54:753][  0]LogConfig: Setting CVar [[r.VolumetricFog.GridSizeZ:128]]
[2020.01.30-19.27.54:753][  0]LogConfig: Setting CVar [[r.VolumetricFog.HistoryMissSupersampleCount:4]]
[2020.01.30-19.27.54:753][  0]LogConfig: Setting CVar [[r.LightMaxDrawDistanceScale:1]]
[2020.01.30-19.27.54:753][  0]LogConfig: Setting CVar [[r.CapsuleShadows:1]]
[2020.01.30-19.27.54:753][  0]LogConfig: Applying CVar settings from Section [PostProcessQuality@3] File [C:/Users/ekvanbus/Documents/GitHub/VanBuskirk_SetDressing/VanBuskirk_SetDressi/Saved/Config/Windows/Scalability.ini]
[2020.01.30-19.27.54:754][  0]LogConfig: Setting CVar [[r.MotionBlurQuality:4]]
[2020.01.30-19.27.54:754][  0]LogConfig: Setting CVar [[r.AmbientOcclusionMipLevelFactor:0.4]]
[2020.01.30-19.27.54:754][  0]LogConfig: Setting CVar [[r.AmbientOcclusionMaxQuality:100]]
[2020.01.30-19.27.54:754][  0]LogConfig: Setting CVar [[r.AmbientOcclusionLevels:-1]]
[2020.01.30-19.27.54:754][  0]LogConfig: Setting CVar [[r.AmbientOcclusionRadiusScale:1.0]]
[2020.01.30-19.27.54:754][  0]LogConfig: Setting CVar [[r.DepthOfFieldQuality:2]]
[2020.01.30-19.27.54:754][  0]LogConfig: Setting CVar [[r.RenderTargetPoolMin:400]]
[2020.01.30-19.27.54:754][  0]LogConfig: Setting CVar [[r.LensFlareQuality:2]]
[2020.01.30-19.27.54:754][  0]LogConfig: Setting CVar [[r.SceneColorFringeQuality:1]]
[2020.01.30-19.27.54:754][  0]LogConfig: Setting CVar [[r.EyeAdaptationQuality:2]]
[2020.01.30-19.27.54:754][  0]LogConfig: Setting CVar [[r.BloomQuality:5]]
[2020.01.30-19.27.54:754][  0]LogConfig: Setting CVar [[r.FastBlurThreshold:100]]
[2020.01.30-19.27.54:754][  0]LogConfig: Setting CVar [[r.Upscale.Quality:3]]
[2020.01.30-19.27.54:754][  0]LogConfig: Setting CVar [[r.Tonemapper.GrainQuantization:1]]
[2020.01.30-19.27.54:754][  0]LogConfig: Setting CVar [[r.LightShaftQuality:1]]
[2020.01.30-19.27.54:754][  0]LogConfig: Setting CVar [[r.Filter.SizeScale:1]]
[2020.01.30-19.27.54:754][  0]LogConfig: Setting CVar [[r.Tonemapper.Quality:5]]
[2020.01.30-19.27.54:754][  0]LogConfig: Setting CVar [[r.DOF.Gather.AccumulatorQuality:1        ; higher gathering accumulator quality]]
[2020.01.30-19.27.54:754][  0]LogConfig: Setting CVar [[r.DOF.Gather.PostfilterMethod:1          ; Median3x3 postfilering method]]
[2020.01.30-19.27.54:754][  0]LogConfig: Setting CVar [[r.DOF.Gather.EnableBokehSettings:0       ; no bokeh simulation when gathering]]
[2020.01.30-19.27.54:754][  0]LogConfig: Setting CVar [[r.DOF.Gather.RingCount:4                 ; medium number of samples when gathering]]
[2020.01.30-19.27.54:754][  0]LogConfig: Setting CVar [[r.DOF.Scatter.ForegroundCompositing:1    ; additive foreground scattering]]
[2020.01.30-19.27.54:754][  0]LogConfig: Setting CVar [[r.DOF.Scatter.BackgroundCompositing:2    ; additive background scattering]]
[2020.01.30-19.27.54:754][  0]LogConfig: Setting CVar [[r.DOF.Scatter.EnableBokehSettings:1      ; bokeh simulation when scattering]]
[2020.01.30-19.27.54:754][  0]LogConfig: Setting CVar [[r.DOF.Scatter.MaxSpriteRatio:0.1         ; only a maximum of 10% of scattered bokeh]]
[2020.01.30-19.27.54:754][  0]LogConfig: Setting CVar [[r.DOF.Recombine.Quality:1                ; cheap slight out of focus]]
[2020.01.30-19.27.54:754][  0]LogConfig: Setting CVar [[r.DOF.Recombine.EnableBokehSettings:0    ; no bokeh simulation on slight out of focus]]
[2020.01.30-19.27.54:754][  0]LogConfig: Setting CVar [[r.DOF.TemporalAAQuality:1                ; more stable temporal accumulation]]
[2020.01.30-19.27.54:754][  0]LogConfig: Setting CVar [[r.DOF.Kernel.MaxForegroundRadius:0.025]]
[2020.01.30-19.27.54:754][  0]LogConfig: Setting CVar [[r.DOF.Kernel.MaxBackgroundRadius:0.025]]
[2020.01.30-19.27.54:754][  0]LogConfig: Applying CVar settings from Section [TextureQuality@3] File [C:/Users/ekvanbus/Documents/GitHub/VanBuskirk_SetDressing/VanBuskirk_SetDressi/Saved/Config/Windows/Scalability.ini]
[2020.01.30-19.27.54:754][  0]LogConfig: Setting CVar [[r.Streaming.MipBias:0]]
[2020.01.30-19.27.54:754][  0]LogConfig: Setting CVar [[r.Streaming.AmortizeCPUToGPUCopy:0]]
[2020.01.30-19.27.54:754][  0]LogConfig: Setting CVar [[r.Streaming.MaxNumTexturesToStreamPerFrame:0]]
[2020.01.30-19.27.54:754][  0]LogConfig: Setting CVar [[r.Streaming.Boost:1]]
[2020.01.30-19.27.54:754][  0]LogConfig: Setting CVar [[r.MaxAnisotropy:8]]
[2020.01.30-19.27.54:754][  0]LogConfig: Setting CVar [[r.Streaming.LimitPoolSizeToVRAM:0]]
[2020.01.30-19.27.54:754][  0]LogConfig: Setting CVar [[r.Streaming.PoolSize:1000]]
[2020.01.30-19.27.54:754][  0]LogConfig: Setting CVar [[r.Streaming.MaxEffectiveScreenSize:0]]
[2020.01.30-19.27.54:754][  0]LogConfig: Applying CVar settings from Section [EffectsQuality@3] File [C:/Users/ekvanbus/Documents/GitHub/VanBuskirk_SetDressing/VanBuskirk_SetDressi/Saved/Config/Windows/Scalability.ini]
[2020.01.30-19.27.54:754][  0]LogConfig: Setting CVar [[r.TranslucencyLightingVolumeDim:64]]
[2020.01.30-19.27.54:754][  0]LogConfig: Setting CVar [[r.RefractionQuality:2]]
[2020.01.30-19.27.54:754][  0]LogConfig: Setting CVar [[r.SSR.Quality:3]]
[2020.01.30-19.27.54:754][  0]LogConfig: Setting CVar [[r.SceneColorFormat:4]]
[2020.01.30-19.27.54:754][  0]LogConfig: Setting CVar [[r.DetailMode:2]]
[2020.01.30-19.27.54:754][  0]LogConfig: Setting CVar [[r.TranslucencyVolumeBlur:1]]
[2020.01.30-19.27.54:754][  0]LogConfig: Setting CVar [[r.MaterialQualityLevel:1 ; High quality]]
[2020.01.30-19.27.54:754][  0]LogConfig: Setting CVar [[r.SSS.Scale:1]]
[2020.01.30-19.27.54:754][  0]LogConfig: Setting CVar [[r.SSS.SampleSet:2]]
[2020.01.30-19.27.54:754][  0]LogConfig: Setting CVar [[r.SSS.Quality:1]]
[2020.01.30-19.27.54:754][  0]LogConfig: Setting CVar [[r.SSS.HalfRes:1]]
[2020.01.30-19.27.54:754][  0]LogConfig: Setting CVar [[r.EmitterSpawnRateScale:1.0]]
[2020.01.30-19.27.54:754][  0]LogConfig: Setting CVar [[r.ParticleLightQuality:2]]
[2020.01.30-19.27.54:754][  0]LogConfig: Applying CVar settings from Section [FoliageQuality@3] File [C:/Users/ekvanbus/Documents/GitHub/VanBuskirk_SetDressing/VanBuskirk_SetDressi/Saved/Config/Windows/Scalability.ini]
[2020.01.30-19.27.54:754][  0]LogConfig: Setting CVar [[foliage.DensityScale:1.0]]
[2020.01.30-19.27.54:754][  0]LogConfig: Setting CVar [[grass.DensityScale:1.0]]
[2020.01.30-19.27.54:754][  0]LogConfig: Applying CVar settings from Section [Startup] File [../../../Engine/Config/ConsoleVariables.ini]
[2020.01.30-19.27.54:755][  0]LogConfig: Setting CVar [[net.UseAdaptiveNetUpdateFrequency:0]]
[2020.01.30-19.27.54:755][  0]LogConfig: Setting CVar [[p.chaos.AllowCreatePhysxBodies:1]]
[2020.01.30-19.27.54:755][  0]LogConfig: Applying CVar settings from Section [ConsoleVariables] File [C:/Users/ekvanbus/Documents/GitHub/VanBuskirk_SetDressing/VanBuskirk_SetDressi/Saved/Config/Windows/Engine.ini]
[2020.01.30-19.27.54:755][  0]LogInit: Computer: IULB-V-FF052-12
[2020.01.30-19.27.54:755][  0]LogInit: User: ekvanbus
[2020.01.30-19.27.54:755][  0]LogInit: CPU Page size=4096, Cores=4
[2020.01.30-19.27.54:755][  0]LogInit: High frequency timer resolution =10.000000 MHz
[2020.01.30-19.27.54:755][  0]LogMemory: Memory total: Physical=32.0GB (32GB approx)
[2020.01.30-19.27.54:755][  0]LogMemory: Platform Memory Stats for Windows
[2020.01.30-19.27.54:755][  0]LogMemory: Process Physical Memory: 100.16 MB used, 100.16 MB peak
[2020.01.30-19.27.54:755][  0]LogMemory: Process Virtual Memory: 92.59 MB used, 92.59 MB peak
[2020.01.30-19.27.54:755][  0]LogMemory: Physical Memory: 6264.52 MB used,  26454.48 MB free, 32719.00 MB total
[2020.01.30-19.27.54:755][  0]LogMemory: Virtual Memory: 4677.24 MB used,  134213048.00 MB free, 134217728.00 MB total
[2020.01.30-19.27.54:777][  0]LogInit: Using OS detected language (en-US).
[2020.01.30-19.27.54:777][  0]LogInit: Using OS detected locale (en-US).
[2020.01.30-19.27.54:777][  0]LogTextLocalizationManager: No specific localization for 'en-US' exists, so the 'en' localization will be used.
[2020.01.30-19.27.54:944][  0]LogInit: Setting process to per monitor DPI aware
[2020.01.30-19.27.54:977][  0]LogSlate: New Slate User Created.  User Index 0, Is Virtual User: 0
[2020.01.30-19.27.54:977][  0]LogSlate: Slate User Registered.  User Index 0, Is Virtual User: 0
[2020.01.30-19.27.55:164][  0]LogHMD: Failed to initialize OpenVR with code 110
[2020.01.30-19.27.55:164][  0]LogD3D11RHI: D3D11 adapters:
[2020.01.30-19.27.55:229][  0]LogD3D11RHI:    0. 'NVIDIA GeForce GTX 1080' (Feature Level 11_0)
[2020.01.30-19.27.55:229][  0]LogD3D11RHI:       8079/0/16359 MB DedicatedVideo/DedicatedSystem/SharedSystem, Outputs:1, VendorId:0x10de
[2020.01.30-19.27.55:231][  0]LogD3D11RHI:    1. 'Microsoft Basic Render Driver' (Feature Level 11_0)
[2020.01.30-19.27.55:231][  0]LogD3D11RHI:       0/0/16359 MB DedicatedVideo/DedicatedSystem/SharedSystem, Outputs:0, VendorId:0x1414
[2020.01.30-19.27.55:231][  0]LogD3D11RHI: Chosen D3D11 Adapter: 0
[2020.01.30-19.27.55:237][  0]LogD3D11RHI: Creating new Direct3DDevice
[2020.01.30-19.27.55:237][  0]LogD3D11RHI:     GPU DeviceId: 0x1b80 (for the marketing name, search the web for "GPU Device Id")
[2020.01.30-19.27.55:237][  0]LogWindows: EnumDisplayDevices:
[2020.01.30-19.27.55:237][  0]LogWindows:    0. 'NVIDIA GeForce GTX 1080' (P:1 D:1)
[2020.01.30-19.27.55:238][  0]LogWindows:    1. 'NVIDIA GeForce GTX 1080' (P:0 D:0)
[2020.01.30-19.27.55:238][  0]LogWindows:    2. 'NVIDIA GeForce GTX 1080' (P:0 D:0)
[2020.01.30-19.27.55:238][  0]LogWindows:    3. 'NVIDIA GeForce GTX 1080' (P:0 D:0)
[2020.01.30-19.27.55:238][  0]LogWindows:    4. 'Freedom Scientific Accessibility Display Driver' (P:0 D:0)
[2020.01.30-19.27.55:238][  0]LogWindows: DebugString: GetVideoDriverDetailsInvalid PrimaryIsNotTheChoosenAdapter FoundDriverCount:4 
[2020.01.30-19.27.55:239][  0]LogD3D11RHI:     Adapter Name: NVIDIA GeForce GTX 1080
[2020.01.30-19.27.55:239][  0]LogD3D11RHI:   Driver Version: 430.64 (internal:26.21.14.3064, unified:430.64)
[2020.01.30-19.27.55:239][  0]LogD3D11RHI:      Driver Date: 5-5-2019
[2020.01.30-19.27.55:239][  0]LogRHI: Texture pool is 5655 MB (70% of 8079 MB)
[2020.01.30-19.27.55:278][  0]LogD3D11RHI: Async texture creation enabled
[2020.01.30-19.27.55:282][  0]LogRendererCore: FGlobalReadBuffer::InitRHI
[2020.01.30-19.27.55:282][  0]LogRendererCore: FGlobalReadBuffer::InitRHI
[2020.01.30-19.27.55:282][  0]LogRendererCore: FGlobalReadBuffer::InitRHI
[2020.01.30-19.27.55:290][  0]LogD3D11RHI: GPU Timing Frequency: 1000.000000 (Debug: 2 1)
[2020.01.30-19.27.55:650][  0]LogTemp: Display: Module 'AllDesktopTargetPlatform' loaded TargetPlatform 'AllDesktop'
[2020.01.30-19.27.55:663][  0]LogTemp: Display: Module 'MacClientTargetPlatform' loaded TargetPlatform 'MacClient'
[2020.01.30-19.27.55:678][  0]LogTemp: Display: Module 'MacNoEditorTargetPlatform' loaded TargetPlatform 'MacNoEditor'
[2020.01.30-19.27.55:694][  0]LogTemp: Display: Module 'MacServerTargetPlatform' loaded TargetPlatform 'MacServer'
[2020.01.30-19.27.55:708][  0]LogTemp: Display: Module 'MacTargetPlatform' loaded TargetPlatform 'Mac'
[2020.01.30-19.27.55:721][  0]LogTemp: Display: Module 'WindowsClientTargetPlatform' loaded TargetPlatform 'WindowsClient'
[2020.01.30-19.27.55:734][  0]LogTemp: Display: Module 'WindowsNoEditorTargetPlatform' loaded TargetPlatform 'WindowsNoEditor'
[2020.01.30-19.27.55:748][  0]LogTemp: Display: Module 'WindowsServerTargetPlatform' loaded TargetPlatform 'WindowsServer'
[2020.01.30-19.27.55:755][  0]LogTemp: Display: Module 'WindowsTargetPlatform' loaded TargetPlatform 'Windows'
[2020.01.30-19.27.55:836][  0]LogTemp: Display: Module 'AndroidTargetPlatform' loaded TargetPlatform 'Android'
[2020.01.30-19.27.55:836][  0]LogTemp: Display: Module 'AndroidTargetPlatform' loaded TargetPlatform 'Android_ASTC'
[2020.01.30-19.27.55:836][  0]LogTemp: Display: Module 'AndroidTargetPlatform' loaded TargetPlatform 'Android_ATC'
[2020.01.30-19.27.55:837][  0]LogTemp: Display: Module 'AndroidTargetPlatform' loaded TargetPlatform 'Android_DXT'
[2020.01.30-19.27.55:837][  0]LogTemp: Display: Module 'AndroidTargetPlatform' loaded TargetPlatform 'Android_ETC1'
[2020.01.30-19.27.55:837][  0]LogTemp: Display: Module 'AndroidTargetPlatform' loaded TargetPlatform 'Android_ETC1a'
[2020.01.30-19.27.55:837][  0]LogTemp: Display: Module 'AndroidTargetPlatform' loaded TargetPlatform 'Android_ETC2'
[2020.01.30-19.27.55:837][  0]LogTemp: Display: Module 'AndroidTargetPlatform' loaded TargetPlatform 'Android_PVRTC'
[2020.01.30-19.27.55:837][  0]LogTemp: Display: Module 'AndroidTargetPlatform' loaded TargetPlatform 'AndroidClient'
[2020.01.30-19.27.55:837][  0]LogTemp: Display: Module 'AndroidTargetPlatform' loaded TargetPlatform 'Android_ASTCClient'
[2020.01.30-19.27.55:837][  0]LogTemp: Display: Module 'AndroidTargetPlatform' loaded TargetPlatform 'Android_ATCClient'
[2020.01.30-19.27.55:837][  0]LogTemp: Display: Module 'AndroidTargetPlatform' loaded TargetPlatform 'Android_DXTClient'
[2020.01.30-19.27.55:837][  0]LogTemp: Display: Module 'AndroidTargetPlatform' loaded TargetPlatform 'Android_ETC1Client'
[2020.01.30-19.27.55:837][  0]LogTemp: Display: Module 'AndroidTargetPlatform' loaded TargetPlatform 'Android_ETC1aClient'
[2020.01.30-19.27.55:837][  0]LogTemp: Display: Module 'AndroidTargetPlatform' loaded TargetPlatform 'Android_ETC2Client'
[2020.01.30-19.27.55:837][  0]LogTemp: Display: Module 'AndroidTargetPlatform' loaded TargetPlatform 'Android_PVRTCClient'
[2020.01.30-19.27.55:837][  0]LogTemp: Display: Module 'AndroidTargetPlatform' loaded TargetPlatform 'Android_Multi'
[2020.01.30-19.27.55:837][  0]LogTemp: Display: Module 'AndroidTargetPlatform' loaded TargetPlatform 'Android_MultiClient'
[2020.01.30-19.27.55:838][  0]LogTemp: Display: Module 'HTML5TargetPlatform' loaded TargetPlatform 'HTML5'
[2020.01.30-19.27.55:900][  0]LogTemp: Display: Module 'IOSTargetPlatform' loaded TargetPlatform 'IOSClient'
[2020.01.30-19.27.55:900][  0]LogTemp: Display: Module 'IOSTargetPlatform' loaded TargetPlatform 'IOS'
[2020.01.30-19.27.55:924][  0]LogTemp: Display: Module 'TVOSTargetPlatform' loaded TargetPlatform 'TVOSClient'
[2020.01.30-19.27.55:924][  0]LogTemp: Display: Module 'TVOSTargetPlatform' loaded TargetPlatform 'TVOS'
[2020.01.30-19.27.55:935][  0]LogTemp: Display: Module 'LinuxClientTargetPlatform' loaded TargetPlatform 'LinuxClient'
[2020.01.30-19.27.55:948][  0]LogTemp: Display: Module 'LinuxNoEditorTargetPlatform' loaded TargetPlatform 'LinuxNoEditor'
[2020.01.30-19.27.55:960][  0]LogTemp: Display: Module 'LinuxServerTargetPlatform' loaded TargetPlatform 'LinuxServer'
[2020.01.30-19.27.55:972][  0]LogTemp: Display: Module 'LinuxTargetPlatform' loaded TargetPlatform 'Linux'
[2020.01.30-19.27.56:017][  0]LogTemp: Display: Module 'LuminTargetPlatform' loaded TargetPlatform 'Lumin'
[2020.01.30-19.27.56:017][  0]LogTemp: Display: Module 'LuminTargetPlatform' loaded TargetPlatform 'LuminClient'
[2020.01.30-19.27.56:017][  0]LogTargetPlatformManager: Display: Building Assets For Windows
[2020.01.30-19.27.56:025][  0]LogAudioDebug: Display: Lib vorbis DLL was dynamically loaded.
[2020.01.30-19.27.56:070][  0]LogShaderCompilers: Guid format shader working directory is -44 characters bigger than the processId version (../../../../../../Users/ekvanbus/Documents/GitHub/VanBuskirk_SetDressing/VanBuskirk_SetDressi/Intermediate/Shaders/WorkingDirectory/7516/).
[2020.01.30-19.27.56:070][  0]LogShaderCompilers: Cleaned the shader compiler working directory 'C:/Users/ekvanbus/AppData/Local/Temp/UnrealShaderWorkingDir/61755F07433A5CC4DF7D91B7BC817E2E/'.
[2020.01.30-19.27.56:072][  0]LogXGEController: Cannot use XGE Controller as Incredibuild is not installed on this machine.
[2020.01.30-19.27.56:072][  0]LogShaderCompilers: Cannot use XGE Shader Compiler as Incredibuild is not installed on this machine.
[2020.01.30-19.27.56:072][  0]LogShaderCompilers: Display: Using Local Shader Compiler.
[2020.01.30-19.27.56:602][  0]LogDerivedDataCache: Display: Max Cache Size: 512 MB
[2020.01.30-19.27.56:650][  0]LogDerivedDataCache: Loaded boot cache 0.05s 73MB C:/Users/ekvanbus/AppData/Local/UnrealEngine/4.22/DerivedDataCache/Boot.ddc.
[2020.01.30-19.27.56:650][  0]LogDerivedDataCache: Display: Loaded Boot cache: C:/Users/ekvanbus/AppData/Local/UnrealEngine/4.22/DerivedDataCache/Boot.ddc
[2020.01.30-19.27.56:651][  0]LogDerivedDataCache: FDerivedDataBackendGraph:  Pak pak cache file ../../../../../../Users/ekvanbus/Documents/GitHub/VanBuskirk_SetDressing/VanBuskirk_SetDressi/DerivedDataCache/DDC.ddp not found, will not use a pak cache.
[2020.01.30-19.27.56:651][  0]LogDerivedDataCache: Unable to find inner node Pak for hierarchical cache Hierarchy.
[2020.01.30-19.27.56:651][  0]LogDerivedDataCache: FDerivedDataBackendGraph:  CompressedPak pak cache file ../../../../../../Users/ekvanbus/Documents/GitHub/VanBuskirk_SetDressing/VanBuskirk_SetDressi/DerivedDataCache/Compressed.ddp not found, will not use a pak cache.
[2020.01.30-19.27.56:651][  0]LogDerivedDataCache: Unable to find inner node CompressedPak for hierarchical cache Hierarchy.
[2020.01.30-19.27.56:663][  0]LogDerivedDataCache: Display: Pak cache opened for reading ../../../Engine/DerivedDataCache/Compressed.ddp.
[2020.01.30-19.27.56:663][  0]LogDerivedDataCache: FDerivedDataBackendGraph:  EnterprisePak pak cache file ../../../Enterprise/DerivedDataCache/Compressed.ddp not found, will not use a pak cache.
[2020.01.30-19.27.56:663][  0]LogDerivedDataCache: Unable to find inner node EnterprisePak for hierarchical cache Hierarchy.
[2020.01.30-19.27.56:675][  0]LogDerivedDataCache: Using Local data cache path C:/Users/ekvanbus/AppData/Local/UnrealEngine/Common/DerivedDataCache: Writable
[2020.01.30-19.27.56:675][  0]LogDerivedDataCache: Shared data cache path not found in *engine.ini, will not use an Shared cache.
[2020.01.30-19.27.56:675][  0]LogDerivedDataCache: Unable to find inner node Shared for hierarchical cache Hierarchy.
[2020.01.30-19.27.56:699][  0]LogMaterial: Verifying Global Shaders for PCD3D_SM5
[2020.01.30-19.27.56:701][  0]LogSlate: Using FreeType 2.6.0
[2020.01.30-19.27.56:701][  0]LogSlate: SlateFontServices - WITH_FREETYPE: 1, WITH_HARFBUZZ: 1
[2020.01.30-19.27.56:787][  0]LogAssetRegistry: FAssetRegistry took 0.0349 seconds to start up
[2020.01.30-19.27.57:154][  0]LogInit: Selected Device Profile: [Windows]
[2020.01.30-19.27.57:299][  0]LogMeshReduction: Using QuadricMeshReduction for automatic static mesh reduction
[2020.01.30-19.27.57:299][  0]LogMeshReduction: Using SimplygonMeshReduction for automatic skeletal mesh reduction
[2020.01.30-19.27.57:299][  0]LogMeshReduction: Using ProxyLODMeshReduction for automatic mesh merging
[2020.01.30-19.27.57:299][  0]LogMeshReduction: No distributed automatic mesh merging module available
[2020.01.30-19.27.57:299][  0]LogMeshMerging: No distributed automatic mesh merging module available
[2020.01.30-19.27.57:310][  0]LogNetVersion: VanBuskirk_SetDressi 1.0.0, NetCL: 5660361, EngineNetVer: 10, GameNetVer: 0 (Checksum: 1278476822)
[2020.01.30-19.27.57:717][  0]LogPackageLocalizationCache: Processed 10 localized package path(s) for 1 prioritized culture(s) in 0.053980 seconds
[2020.01.30-19.27.57:724][  0]LogUObjectArray: 42205 objects as part of root set at end of initial load.
[2020.01.30-19.27.57:724][  0]LogUObjectAllocator: 7325032 out of 0 bytes used by permanent object pool.
[2020.01.30-19.27.57:724][  0]LogUObjectArray: CloseDisregardForGC: 0/0 objects in disregard for GC pool
[2020.01.30-19.27.58:514][  0]LogTcpMessaging: Initializing TcpMessaging bridge
[2020.01.30-19.27.58:527][  0]LogUdpMessaging: Initializing bridge on interface 0.0.0.0:0 to multicast group 230.0.0.1:6666.
[2020.01.30-19.27.58:630][  0]SourceControl: Source control is disabled
[2020.01.30-19.27.58:630][  0]SourceControl: Source control is disabled
[2020.01.30-19.27.58:631][  0]SourceControl: Source control is disabled
[2020.01.30-19.27.58:632][  0]SourceControl: Source control is disabled
[2020.01.30-19.27.58:702][  0]LogAndroidPermission: UAndroidPermissionCallbackProxy::GetInstance
[2020.01.30-19.27.58:805][  0]LogOcInput: OculusInput pre-init called
[2020.01.30-19.27.59:426][  0]LogEngine: Initializing Engine...
[2020.01.30-19.27.59:427][  0]LogHMD: Failed to initialize OpenVR with code 110
[2020.01.30-19.27.59:428][  0]LogStats: UGameplayTagsManager::InitializeManager -  0.000 s
[2020.01.30-19.27.59:623][  0]LogInit: Initializing FReadOnlyCVARCache
[2020.01.30-19.27.59:637][  0]LogAIModule: Creating AISystem for world Untitled
[2020.01.30-19.27.59:661][  0]LogInit: XAudio2 using 'AG271QG (NVIDIA High Definition Audio)' : 2 channels at 48 kHz using 16 bits per sample (channel mask 0x3)
[2020.01.30-19.27.59:697][  0]LogInit: FAudioDevice initialized.
[2020.01.30-19.27.59:697][  0]LogNetVersion: Set ProjectVersion to 1.0.0.0. Version Checksum will be recalculated on next use.
[2020.01.30-19.27.59:771][  0]LogDerivedDataCache: Saved boot cache 0.07s 73MB C:/Users/ekvanbus/AppData/Local/UnrealEngine/4.22/DerivedDataCache/Boot.ddc.
[2020.01.30-19.27.59:775][  0]LogInit: Texture streaming: Enabled
[2020.01.30-19.27.59:792][  0]LogEngineSessionManager: EngineSessionManager initialized
[2020.01.30-19.27.59:815][  0]LogInit: Transaction tracking system initialized
[2020.01.30-19.27.59:837][  0]BlueprintLog: New page: Editor Load
[2020.01.30-19.27.59:912][  0]LocalizationService: Localization service is disabled
[2020.01.30-19.28.00:200][  0]LogFileCache: Scanning file cache for directory 'C:/Users/ekvanbus/Documents/GitHub/VanBuskirk_SetDressing/VanBuskirk_SetDressi/Content/' took 0.02s
[2020.01.30-19.28.00:200][  0]LogCook: Display: Max memory allowance for cook 16384mb min free memory 0mb
[2020.01.30-19.28.00:200][  0]LogCook: Display: Mobile HDR setting 1
[2020.01.30-19.28.00:361][  0]SourceControl: Source control is disabled
[2020.01.30-19.28.00:361][  0]Cmd: MAP LOAD FILE="../../../../../../Users/ekvanbus/Documents/GitHub/VanBuskirk_SetDressing/VanBuskirk_SetDressi/Content/WeirdGeometry.umap" TEMPLATE=0 SHOWPROGRESS=1 FEATURELEVEL=3
[2020.01.30-19.28.00:361][  0]LightingResults: New page: Lighting Build
[2020.01.30-19.28.00:364][  0]MapCheck: New page: Map Check
[2020.01.30-19.28.00:364][  0]LightingResults: New page: Lighting Build
[2020.01.30-19.28.00:390][  0]LogUObjectHash: Compacting FUObjectHashTables data took   1.64ms
[2020.01.30-19.28.00:473][  0]LogStaticMesh: Building static mesh Box_Brush5_StaticMesh2...
[2020.01.30-19.28.00:482][  0]LogStaticMesh: Built static mesh [0.01s] /Game/Box_Brush5_StaticMesh2.Box_Brush5_StaticMesh2
[2020.01.30-19.28.00:483][  0]LogStaticMesh: Building static mesh Box_Brush2_StaticMesh1...
[2020.01.30-19.28.00:487][  0]LogStaticMesh: Built static mesh [0.00s] /Game/Box_Brush2_StaticMesh1.Box_Brush2_StaticMesh1
[2020.01.30-19.28.00:518][  0]LogAIModule: Creating AISystem for world WeirdGeometry
[2020.01.30-19.28.00:527][  0]LogEditorServer: Finished looking for orphan Actors (0.000 secs)
[2020.01.30-19.28.00:553][  0]LogUObjectHash: Compacting FUObjectHashTables data took   1.81ms
[2020.01.30-19.28.00:553][  0]Cmd: MAP CHECKDEP NOCLEARLOG
[2020.01.30-19.28.00:553][  0]MapCheck: Map check complete: 0 Error(s), 0 Warning(s), took 0.214ms to complete.
[2020.01.30-19.28.00:553][  0]LogFileHelpers: Loading map 'WeirdGeometry' took 0.193
[2020.01.30-19.28.00:723][  0]LogSlate: Updating window title bar state: overlay mode, drag disabled, window buttons hidden, title bar hidden
[2020.01.30-19.28.00:734][  0]LogSlate: Updating window title bar state: overlay mode, drag disabled, window buttons hidden, title bar hidden
[2020.01.30-19.28.00:743][  0]LogSlate: Updating window title bar state: overlay mode, drag disabled, window buttons hidden, title bar hidden
[2020.01.30-19.28.00:752][  0]LogSlate: Updating window title bar state: overlay mode, drag disabled, window buttons hidden, title bar hidden
[2020.01.30-19.28.00:767][  0]LogCollectionManager: Loaded 0 collections in 0.001439 seconds
[2020.01.30-19.28.00:826][  0]LogFileCache: Scanning file cache for directory 'C:/Users/ekvanbus/Documents/GitHub/VanBuskirk_SetDressing/VanBuskirk_SetDressi/Saved/Collections/' took 0.01s
[2020.01.30-19.28.00:826][  0]LogFileCache: Scanning file cache for directory 'C:/Users/ekvanbus/Documents/GitHub/VanBuskirk_SetDressing/VanBuskirk_SetDressi/Content/Developers/ekvanbus/Collections/' took 0.01s
[2020.01.30-19.28.00:826][  0]LogFileCache: Scanning file cache for directory 'C:/Users/ekvanbus/Documents/GitHub/VanBuskirk_SetDressing/VanBuskirk_SetDressi/Content/Collections/' took 0.01s
[2020.01.30-19.28.00:826][  0]LogCollectionManager: Rebuilt the GUID cache for 0 collections in 0.000001 seconds
[2020.01.30-19.28.00:837][  0]LogContentBrowser: Native class hierarchy populated in 0.0091 seconds. Added 2732 classes and 659 folders.
[2020.01.30-19.28.00:850][  0]LogContentBrowser: Native class hierarchy updated for 'WidgetCarousel' in 0.0002 seconds. Added 0 classes and 0 folders.
[2020.01.30-19.28.00:861][  0]LogPakFile: Registered encryption key '00000000000000000000000000000000': 0 pak files mounted, 0 remain pending
[2020.01.30-19.28.00:870][  0]LogPakFile: Registered encryption key '00000000000000000000000000000000': 0 pak files mounted, 0 remain pending
[2020.01.30-19.28.00:886][  0]LogPakFile: Registered encryption key '00000000000000000000000000000000': 0 pak files mounted, 0 remain pending
[2020.01.30-19.28.00:894][  0]LogPakFile: Registered encryption key '00000000000000000000000000000000': 0 pak files mounted, 0 remain pending
[2020.01.30-19.28.00:901][  0]LogPakFile: Registered encryption key '00000000000000000000000000000000': 0 pak files mounted, 0 remain pending
[2020.01.30-19.28.00:908][  0]LogPakFile: Registered encryption key '00000000000000000000000000000000': 0 pak files mounted, 0 remain pending
[2020.01.30-19.28.00:914][  0]LogPakFile: Registered encryption key '00000000000000000000000000000000': 0 pak files mounted, 0 remain pending
[2020.01.30-19.28.00:921][  0]LogPakFile: Registered encryption key '00000000000000000000000000000000': 0 pak files mounted, 0 remain pending
[2020.01.30-19.28.00:928][  0]LogPakFile: Registered encryption key '00000000000000000000000000000000': 0 pak files mounted, 0 remain pending
[2020.01.30-19.28.00:936][  0]LogPakFile: Registered encryption key '00000000000000000000000000000000': 0 pak files mounted, 0 remain pending
[2020.01.30-19.28.00:942][  0]LogPakFile: Registered encryption key '00000000000000000000000000000000': 0 pak files mounted, 0 remain pending
[2020.01.30-19.28.00:949][  0]LogPakFile: Registered encryption key '00000000000000000000000000000000': 0 pak files mounted, 0 remain pending
[2020.01.30-19.28.00:956][  0]LogPakFile: Registered encryption key '00000000000000000000000000000000': 0 pak files mounted, 0 remain pending
[2020.01.30-19.28.00:962][  0]LogPakFile: Registered encryption key '00000000000000000000000000000000': 0 pak files mounted, 0 remain pending
[2020.01.30-19.28.00:969][  0]LogPakFile: Registered encryption key '00000000000000000000000000000000': 0 pak files mounted, 0 remain pending
[2020.01.30-19.28.00:976][  0]LogPakFile: Registered encryption key '00000000000000000000000000000000': 0 pak files mounted, 0 remain pending
[2020.01.30-19.28.01:006][  0]LogPakFile: Registered encryption key '00000000000000000000000000000000': 0 pak files mounted, 0 remain pending
[2020.01.30-19.28.01:013][  0]LogPakFile: Registered encryption key '00000000000000000000000000000000': 0 pak files mounted, 0 remain pending
[2020.01.30-19.28.01:019][  0]LogPakFile: Registered encryption key '00000000000000000000000000000000': 0 pak files mounted, 0 remain pending
[2020.01.30-19.28.01:026][  0]LogPakFile: Registered encryption key '00000000000000000000000000000000': 0 pak files mounted, 0 remain pending
[2020.01.30-19.28.01:040][  0]LogPakFile: Registered encryption key '00000000000000000000000000000000': 0 pak files mounted, 0 remain pending
[2020.01.30-19.28.01:047][  0]LogPakFile: Registered encryption key '00000000000000000000000000000000': 0 pak files mounted, 0 remain pending
[2020.01.30-19.28.01:054][  0]LogPakFile: Registered encryption key '00000000000000000000000000000000': 0 pak files mounted, 0 remain pending
[2020.01.30-19.28.01:061][  0]LogPakFile: Registered encryption key '00000000000000000000000000000000': 0 pak files mounted, 0 remain pending
[2020.01.30-19.28.01:068][  0]LogPakFile: Registered encryption key '00000000000000000000000000000000': 0 pak files mounted, 0 remain pending
[2020.01.30-19.28.01:075][  0]LogPakFile: Registered encryption key '00000000000000000000000000000000': 0 pak files mounted, 0 remain pending
[2020.01.30-19.28.01:246][  0]LogContentBrowser: Native class hierarchy updated for 'AddContentDialog' in 0.0002 seconds. Added 0 classes and 0 folders.
[2020.01.30-19.28.01:262][  0]LogContentBrowser: Native class hierarchy updated for 'SceneOutliner' in 0.0004 seconds. Added 1 classes and 2 folders.
[2020.01.30-19.28.01:325][  0]LogSlate: Took 0.000150 seconds to synchronously load lazily loaded font '../../../Engine/Content/Slate/Fonts/Roboto-Regular.ttf' (155K)
[2020.01.30-19.28.01:328][  0]LogSlate: Took 0.000170 seconds to synchronously load lazily loaded font '../../../Engine/Content/Slate/Fonts/Roboto-Bold.ttf' (160K)
[2020.01.30-19.28.01:345][  0]LogSlate: Took 0.009628 seconds to synchronously load lazily loaded font '../../../Engine/Content/Editor/Slate/Fonts/FontAwesome.ttf' (139K)
[2020.01.30-19.28.01:458][  0]LogRenderer: Reallocating scene render targets to support 1616x808 Format 10 NumSamples 1 (Frame:1).
[2020.01.30-19.28.01:584][  0]LogSlate: FSceneViewport::OnFocusLost() reason 2
[2020.01.30-19.28.01:601][  0]LogSlate: Window 'Tutorials' being destroyed
[2020.01.30-19.28.01:635][  0]LogContentBrowser: Native class hierarchy updated for 'HierarchicalLODOutliner' in 0.0003 seconds. Added 0 classes and 0 folders.
[2020.01.30-19.28.01:635][  0]LogLoad: (Engine Initialization) Total time: 9.19 seconds
[2020.01.30-19.28.01:635][  0]LogLoad: (Engine Initialization) Total Blueprint compile time: 0.00 seconds
[2020.01.30-19.28.01:683][  0]LogAssetRegistry: Asset discovery search completed in 4.9193 seconds
[2020.01.30-19.28.01:685][  0]LogCollectionManager: Rebuilt the object cache for 0 collections in 0.000000 seconds (found 0 objects)
[2020.01.30-19.28.01:685][  0]LogCollectionManager: Fixed up redirectors for 0 collections in 0.000049 seconds (updated 0 objects)
[2020.01.30-19.28.01:688][  0]LogContentStreaming: Texture pool size now 1000 MB
[2020.01.30-19.28.42:325][716]LogSlate: FSceneViewport::OnFocusLost() reason 2
[2020.01.30-19.28.50:781][720]LogEditorViewport: Clicking on Actor (LMB): Brush (Box Brush8)
[2020.01.30-19.29.00:280][837]LogEditorViewport: Clicking on Actor (LMB): Brush (Box Brush8)
[2020.01.30-19.29.02:921][147]LogSlate: FSceneViewport::OnFocusLost() reason 0
[2020.01.30-19.29.09:359][908]LogSlate: FSceneViewport::OnFocusLost() reason 2
[2020.01.30-19.29.17:746][688]LogEditorViewport: Clicking on Actor (LMB): StaticMeshActor (Floor_400x412)
[2020.01.30-19.29.19:048][791]LogSlate: FSceneViewport::OnFocusLost() reason 2
[2020.01.30-19.29.27:015][738]LogSlate: FSceneViewport::OnFocusLost() reason 0
[2020.01.30-19.29.33:651][529]LogSlate: FSceneViewport::OnFocusLost() reason 0
[2020.01.30-19.29.37:136][943]LogSlate: FSceneViewport::OnFocusLost() reason 2
[2020.01.30-19.29.38:531][106]LogEditorViewport: Clicking on Actor (LMB): StaticMeshActor (Floor)
[2020.01.30-19.29.39:959][269]Cmd: TRANSACTION UNDO
[2020.01.30-19.29.39:959][269]LogEditorTransaction: Undo Clicking on Actors
[2020.01.30-19.29.39:988][269]LogSlate: Took 0.006569 seconds to synchronously load lazily loaded font '../../../Engine/Content/Slate/Fonts/Roboto-Light.ttf' (167K)
[2020.01.30-19.29.40:261][291]Cmd: TRANSACTION UNDO
[2020.01.30-19.29.40:261][291]LogEditorTransaction: Undo Move Actors
[2020.01.30-19.29.40:635][327]Cmd: TRANSACTION UNDO
[2020.01.30-19.29.40:635][327]LogEditorTransaction: Undo Scale Actors
[2020.01.30-19.29.42:355][529]LogEditorViewport: Clicking on Actor (LMB): StaticMeshActor (Floor)
[2020.01.30-19.29.45:964][943]LogEditorViewport: Clicking on Actor (context menu): BP_Sky_Sphere_C (Sky Sphere)
[2020.01.30-19.29.46:011][943]LogSlate: FSceneViewport::OnFocusLost() reason 2
[2020.01.30-19.29.51:164][550]LogEditorViewport: Clicking on Actor (LMB): StaticMeshActor (Floor_400x412)
[2020.01.30-19.29.52:697][728]LogSlate: FSceneViewport::OnFocusLost() reason 0
[2020.01.30-19.29.56:182][143]LogSlate: FSceneViewport::OnFocusLost() reason 0
[2020.01.30-19.30.00:102][607]LogSlate: FSceneViewport::OnFocusLost() reason 0
[2020.01.30-19.30.02:899][939]LogSlate: FSceneViewport::OnFocusLost() reason 2
[2020.01.30-19.30.54:508][101]LogEditorViewport: Clicking on Actor (LMB): StaticMeshActor (Floor_400x412)
[2020.01.30-19.30.56:769][369]LogSlate: FSceneViewport::OnFocusLost() reason 2
[2020.01.30-19.30.59:634][706]LogEditorViewport: Clicking on Actor (LMB): StaticMeshActor (Floor_400x412)
[2020.01.30-19.31.02:665][ 47]LogEditorViewport: Clicking on Actor (LMB): StaticMeshActor (Floor_400x412)
[2020.01.30-19.31.15:506][481]LogEditorViewport: Clicking on Actor (LMB): StaticMeshActor (Floor_400x412)
[2020.01.30-19.31.16:016][536]LogEditorViewport: Clicking on Actor (LMB): StaticMeshActor (Floor_400x412)
[2020.01.30-19.31.16:059][538]LogEditorViewport: Clicking on Component (LMB): StaticMeshComponent (StaticMeshComponent0)
[2020.01.30-19.31.16:721][613]LogEditorViewport: Clicking on Component (LMB): StaticMeshComponent (StaticMeshComponent0)
[2020.01.30-19.31.17:132][659]LogEditorViewport: Clicking on Component (LMB): StaticMeshComponent (StaticMeshComponent0)
[2020.01.30-19.31.20:377][ 40]LogSlate: FSceneViewport::OnFocusLost() reason 0
[2020.01.30-19.31.24:926][526]Cmd: BRUSH ADD SELECTNEWBRUSH
[2020.01.30-19.31.26:853][750]LogSlate: FSceneViewport::OnFocusLost() reason 0
[2020.01.30-19.31.32:433][400]LogSlate: FSceneViewport::OnFocusLost() reason 0
[2020.01.30-19.31.35:771][785]LogEditorViewport: Clicking on Actor (LMB): StaticMeshActor (Floor)
[2020.01.30-19.31.42:227][534]LogEditorViewport: Clicking on Actor (LMB): StaticMeshActor (Floor)
[2020.01.30-19.31.44:501][793]LogSlate: FSceneViewport::OnFocusLost() reason 2
[2020.01.30-19.31.47:114][103]LogEditorViewport: Clicking on Actor (LMB): Brush (Box Brush2)
[2020.01.30-19.31.49:088][336]LogSlate: FSceneViewport::OnFocusLost() reason 0
[2020.01.30-19.32.27:119][850]LogSlate: FSceneViewport::OnFocusLost() reason 0
[2020.01.30-19.32.35:259][817]LogEditorViewport: Clicking on Actor (LMB): StaticMeshActor (Floor_400x412)
[2020.01.30-19.32.38:158][159]LogEditorViewport: Clicking on Actor (LMB): Brush (Box Brush2)
[2020.01.30-19.32.39:599][328]Cmd: DELETE
[2020.01.30-19.32.39:621][328]Cmd: ACTOR DELETE
[2020.01.30-19.32.39:630][328]LogEditorActor: Deleted Actor: Brush
[2020.01.30-19.32.39:656][328]LogUObjectHash: Compacting FUObjectHashTables data took   1.22ms
[2020.01.30-19.32.39:671][328]LogEditorActor: Deleted 1 Actors (0.048 secs)
[2020.01.30-19.32.42:237][630]LogSlate: FSceneViewport::OnFocusLost() reason 2
[2020.01.30-19.32.43:280][753]LogSlate: FSceneViewport::OnFocusLost() reason 2
[2020.01.30-19.32.45:908][ 60]LogSlate: FSceneViewport::OnFocusLost() reason 0
[2020.01.30-19.32.47:915][297]LogActorFactory: Actor Factory created Cube
[2020.01.30-19.32.48:897][400]LogActorFactory: Actor Factory created Cube
[2020.01.30-19.32.50:551][585]LogSlate: FSceneViewport::OnFocusLost() reason 0
[2020.01.30-19.32.54:753][ 70]LogSlate: FSceneViewport::OnFocusLost() reason 0
[2020.01.30-19.33.01:798][872]LogSlate: FSceneViewport::OnFocusLost() reason 0
[2020.01.30-19.33.20:724][100]Cmd: TRANSACTION UNDO
[2020.01.30-19.33.20:724][100]LogEditorTransaction: Undo Scale Actors
[2020.01.30-19.33.22:531][305]LogSlate: FSceneViewport::OnFocusLost() reason 0
[2020.01.30-19.33.25:177][620]LogEditorViewport: Clicking Background
[2020.01.30-19.33.47:030][241]LogEditorViewport: Clicking on Actor (LMB): StaticMeshActor (Cube)
[2020.01.30-19.33.48:690][435]LogSlate: FSceneViewport::OnFocusLost() reason 0
[2020.01.30-19.33.51:566][776]LogSlate: FSceneViewport::OnFocusLost() reason 2
[2020.01.30-19.33.59:333][695]LogSlate: FSceneViewport::OnFocusLost() reason 0
[2020.01.30-19.34.02:325][ 50]LogEditorViewport: Clicking on Actor (LMB): StaticMeshActor (Cube)
[2020.01.30-19.34.09:925][954]LogSlate: FSceneViewport::OnFocusLost() reason 0
[2020.01.30-19.34.15:881][659]LogSlate: FSceneViewport::OnFocusLost() reason 0
[2020.01.30-19.34.21:667][347]LogSlate: FSceneViewport::OnFocusLost() reason 2
[2020.01.30-19.34.24:430][671]LogEditorViewport: Clicking on Actor (LMB): StaticMeshActor (Floor)
[2020.01.30-19.34.25:383][778]LogEditorViewport: Clicking on Actor (LMB): StaticMeshActor (Cube)
[2020.01.30-19.34.27:791][ 59]LogEditorViewport: Clicking on Actor (LMB): StaticMeshActor (Floor_400x412)
[2020.01.30-19.34.29:284][230]LogEditorViewport: Clicking on Actor (LMB): StaticMeshActor (Cube)
[2020.01.30-19.34.30:157][316]LogSlate: FSceneViewport::OnFocusLost() reason 2
[2020.01.30-19.34.37:964][189]LogEditorViewport: Clicking on Actor (LMB): StaticMeshActor (Floor)
[2020.01.30-19.34.39:934][416]LogEditorViewport: Clicking on Actor (LMB): StaticMeshActor (Cube)
[2020.01.30-19.34.41:174][557]LogEditorViewport: Clicking on Actor (LMB): StaticMeshActor (Floor_400x412)
[2020.01.30-19.34.43:175][786]LogSlate: FSceneViewport::OnFocusLost() reason 0
[2020.01.30-19.34.48:879][463]LogEditorViewport: Clicking on Actor (LMB): StaticMeshActor (Floor)
[2020.01.30-19.34.50:407][638]LogEditorViewport: Clicking on Actor (LMB): StaticMeshActor (Floor)
[2020.01.30-19.35.00:276][742]LogSlate: FSceneViewport::OnFocusLost() reason 0
[2020.01.30-19.35.00:423][757]LogActorFactory: Actor Factory created Pillar_50x500
[2020.01.30-19.35.02:078][933]LogActorFactory: Actor Factory created Pillar_50x500
[2020.01.30-19.35.03:487][ 95]LogSlate: FSceneViewport::OnFocusLost() reason 0
[2020.01.30-19.35.09:477][802]LogEditorViewport: Clicking on Actor (LMB): StaticMeshActor (Floor_400x410)
[2020.01.30-19.35.10:510][916]LogSlate: FSceneViewport::OnFocusLost() reason 0
[2020.01.30-19.35.11:748][ 60]LogEditorViewport: Clicking on Actor (LMB): StaticMeshActor (Pillar_50x500)
[2020.01.30-19.35.20:442][ 76]LogSlate: FSceneViewport::OnFocusLost() reason 0
[2020.01.30-19.35.36:119][934]LogSlate: FSceneViewport::OnFocusLost() reason 0
[2020.01.30-19.35.50:657][656]LogSlate: FSceneViewport::OnFocusLost() reason 2
[2020.01.30-19.35.53:122][945]LogUObjectHash: Compacting FUObjectHashTables data took   1.19ms
[2020.01.30-19.35.53:134][945]LogSlate: FSceneViewport::OnFocusLost() reason 2
[2020.01.30-19.35.53:169][945]LogUObjectHash: Compacting FUObjectHashTables data took   0.61ms
[2020.01.30-19.35.53:403][945]LogSavePackage: Moving '../../../../../../Users/ekvanbus/Documents/GitHub/VanBuskirk_SetDressing/VanBuskirk_SetDressi/Saved/WeirdGeometry55280FC842900F30661B7AAE4E9C993D.tmp' to '../../../../../../Users/ekvanbus/Documents/GitHub/VanBuskirk_SetDressing/VanBuskirk_SetDressi/Content/WeirdGeometry.umap'
[2020.01.30-19.35.53:437][945]LogFileHelpers: Saving map 'WeirdGeometry' took 0.292
